=============================================================================
Start downloading urls from : https://www.sciencedirect.com/journal/clinics-in-chest-medicine
	https://www.sciencedirect.com/journal/clinics-in-chest-medicine/vol/42/issue/4:23
total paper :23
=============================================================================
Start downloading urls from : https://www.sciencedirect.com/journal/clinics-in-dermatology
	https://www.sciencedirect.com/journal/clinics-in-dermatology/articles-in-press:54
total paper :54
=============================================================================
Start downloading urls from : https://www.sciencedirect.com/journal/clinics-in-endocrinology-and-metabolism
	https://www.sciencedirect.com/journal/clinics-in-endocrinology-and-metabolism/vol/15/issue/4:16
total paper :16
=============================================================================
Start downloading urls from : https://www.sciencedirect.com/journal/clinics-in-gastroenterology
=============================================================================
Start downloading urls from : https://www.sciencedirect.com/journal/clinics-in-gastroenterology
	https://www.sciencedirect.com/journal/clinics-in-gastroenterology/vol/15/issue/3:18
total paper :18
=============================================================================
Start downloading urls from : https://www.sciencedirect.com/journal/clinics-in-geriatric-medicine
	https://www.sciencedirect.com/journal/clinics-in-geriatric-medicine/vol/38/issue/1:18
total paper :18
=============================================================================
Start downloading urls from : https://www.sciencedirect.com/journal/clinics-in-haematology
