 =============================================================================
Start downloading urls from : https://dl.acm.org//journal/cola
	https://dl.acm.org/action/doSearch?SeriesKey=cola&sortBy=downloaded:0
total paper :0
=============================================================================
Start downloading urls from : https://dl.acm.org//journal/csur
	https://dl.acm.org/action/doSearch?SeriesKey=csur&sortBy=downloaded:2000
total paper :2000
=============================================================================
Start downloading urls from : https://dl.acm.org//journal/dgov
	https://dl.acm.org/action/doSearch?SeriesKey=dgov&sortBy=downloaded:63
total paper :63
=============================================================================
Start downloading urls from : https://dl.acm.org//journal/dlt
	https://dl.acm.org/action/doSearch?SeriesKey=dlt&sortBy=downloaded:0
total paper :0
=============================================================================
Start downloading urls from : https://dl.acm.org//journal/dtrap
	https://dl.acm.org/action/doSearch?SeriesKey=dtrap&sortBy=downloaded:64
total paper :64
=============================================================================
Start downloading urls from : https://dl.acm.org//journal/fac
	https://dl.acm.org/action/doSearch?SeriesKey=fac&sortBy=downloaded:0
total paper :0
=============================================================================
Start downloading urls from : https://dl.acm.org//journal/health
	https://dl.acm.org/action/doSearch?SeriesKey=health&sortBy=downloaded:67
total paper :67
=============================================================================
Start downloading urls from : https://dl.acm.org//journal/imwut
	https://dl.acm.org/action/doSearch?SeriesKey=imwut&sortBy=downloaded:827
total paper :827
=============================================================================
Start downloading urls from : https://dl.acm.org//journal/jacm
=============================================================================
Start downloading urls from : https://dl.acm.org//journal/jacm
=============================================================================
Start downloading urls from : https://dl.acm.org//journal/jacm
	https://dl.acm.org/action/doSearch?SeriesKey=jacm&sortBy=downloaded:2000
total paper :2000
=============================================================================
Start downloading urls from : https://dl.acm.org//journal/jdiq
	https://dl.acm.org/action/doSearch?SeriesKey=jdiq&sortBy=downloaded:227
total paper :227
=============================================================================
Start downloading urls from : https://dl.acm.org//journal/jea
	https://dl.acm.org/action/doSearch?SeriesKey=jea&sortBy=downloaded:362
total paper :362
=============================================================================
Start downloading urls from : https://dl.acm.org//journal/jetc
	https://dl.acm.org/action/doSearch?SeriesKey=jetc&sortBy=downloaded:550
total paper :550
=============================================================================
Start downloading urls from : https://dl.acm.org//journal/jocch
	https://dl.acm.org/action/doSearch?SeriesKey=jocch&sortBy=downloaded:331
total paper :331
=============================================================================
Start downloading urls from : https://dl.acm.org//journal/pacmcgit
	https://dl.acm.org/action/doSearch?SeriesKey=pacmcgit&sortBy=downloaded:100
total paper :100
=============================================================================
Start downloading urls from : https://dl.acm.org//journal/pacmhci
	https://dl.acm.org/action/doSearch?SeriesKey=pacmhci&sortBy=downloaded:1347
total paper :1347
=============================================================================
Start downloading urls from : https://dl.acm.org//journal/pacmpl
	https://dl.acm.org/action/doSearch?SeriesKey=pacmpl&sortBy=downloaded:866
total paper :866
=============================================================================
Start downloading urls from : https://dl.acm.org//journal/pomacs
	https://dl.acm.org/action/doSearch?SeriesKey=pomacs&sortBy=downloaded:214
total paper :214
=============================================================================
Start downloading urls from : https://dl.acm.org//journal/taas
	https://dl.acm.org/action/doSearch?SeriesKey=taas&sortBy=downloaded:324
total paper :324
=============================================================================
Start downloading urls from : https://dl.acm.org//journal/taccess
	https://dl.acm.org/action/doSearch?SeriesKey=taccess&sortBy=downloaded:229
total paper :229
=============================================================================
Start downloading urls from : https://dl.acm.org//journal/taco
	https://dl.acm.org/action/doSearch?SeriesKey=taco&sortBy=downloaded:760
total paper :760
=============================================================================
Start downloading urls from : https://dl.acm.org//journal/talg
	https://dl.acm.org/action/doSearch?SeriesKey=talg&sortBy=downloaded:783
total paper :783
=============================================================================
Start downloading urls from : https://dl.acm.org//journal/tallip
	https://dl.acm.org/action/doSearch?SeriesKey=tallip&sortBy=downloaded:603
total paper :603
=============================================================================
Start downloading urls from : https://dl.acm.org//journal/tap
	https://dl.acm.org/action/doSearch?SeriesKey=tap&sortBy=downloaded:439
total paper :439
=============================================================================
Start downloading urls from : https://dl.acm.org//journal/taslp
	https://dl.acm.org/action/doSearch?SeriesKey=taslp&sortBy=downloaded:1308
total paper :1308
=============================================================================
Start downloading urls from : https://dl.acm.org//journal/tcbb
	https://dl.acm.org/action/doSearch?SeriesKey=tcbb&sortBy=downloaded:1978
total paper :1978
=============================================================================
Start downloading urls from : https://dl.acm.org//journal/tcps
	https://dl.acm.org/action/doSearch?SeriesKey=tcps&sortBy=downloaded:195
total paper :195
=============================================================================
Start downloading urls from : https://dl.acm.org//journal/tds
	https://dl.acm.org/action/doSearch?SeriesKey=tds&sortBy=downloaded:55
total paper :55
=============================================================================
Start downloading urls from : https://dl.acm.org//journal/teac
	https://dl.acm.org/action/doSearch?SeriesKey=teac&sortBy=downloaded:204
total paper :204
=============================================================================
Start downloading urls from : https://dl.acm.org//journal/tecs
	https://dl.acm.org/action/doSearch?SeriesKey=tecs&sortBy=downloaded:1426
total paper :1426
=============================================================================
Start downloading urls from : https://dl.acm.org//journal/telo
	https://dl.acm.org/action/doSearch?SeriesKey=telo&sortBy=downloaded:17
total paper :17
=============================================================================
Start downloading urls from : https://dl.acm.org//journal/thri
	https://dl.acm.org/action/doSearch?SeriesKey=thri&sortBy=downloaded:121
total paper :121
=============================================================================
Start downloading urls from : https://dl.acm.org//journal/tiis
	https://dl.acm.org/action/doSearch?SeriesKey=tiis&sortBy=downloaded:274
total paper :274
=============================================================================
Start downloading urls from : https://dl.acm.org//journal/tiot
	https://dl.acm.org/action/doSearch?SeriesKey=tiot&sortBy=downloaded:59
total paper :59
=============================================================================
Start downloading urls from : https://dl.acm.org//journal/tist
	https://dl.acm.org/action/doSearch?SeriesKey=tist&sortBy=downloaded:757
total paper :757
=============================================================================
Start downloading urls from : https://dl.acm.org//journal/tkdd
	https://dl.acm.org/action/doSearch?SeriesKey=tkdd&sortBy=downloaded:665
total paper :665
=============================================================================
Start downloading urls from : https://dl.acm.org//journal/tmis
	https://dl.acm.org/action/doSearch?SeriesKey=tmis&sortBy=downloaded:246
total paper :246
=============================================================================
Start downloading urls from : https://dl.acm.org//journal/toce
	https://dl.acm.org/action/doSearch?SeriesKey=toce&sortBy=downloaded:453
total paper :453
=============================================================================
Start downloading urls from : https://dl.acm.org//journal/tochi
	https://dl.acm.org/action/doSearch?SeriesKey=tochi&sortBy=downloaded:688
total paper :688
=============================================================================
Start downloading urls from : https://dl.acm.org//journal/tocl
	https://dl.acm.org/action/doSearch?SeriesKey=tocl&sortBy=downloaded:606
total paper :606
=============================================================================
Start downloading urls from : https://dl.acm.org//journal/tocs
	https://dl.acm.org/action/doSearch?SeriesKey=tocs&sortBy=downloaded:487
total paper :487
=============================================================================
Start downloading urls from : https://dl.acm.org//journal/toct
	https://dl.acm.org/action/doSearch?SeriesKey=toct&sortBy=downloaded:223
total paper :223
=============================================================================
Start downloading urls from : https://dl.acm.org//journal/todaes
	https://dl.acm.org/action/doSearch?SeriesKey=todaes&sortBy=downloaded:1210
total paper :1210
=============================================================================
Start downloading urls from : https://dl.acm.org//journal/tods
	https://dl.acm.org/action/doSearch?SeriesKey=tods&sortBy=downloaded:1026
total paper :1026
=============================================================================
Start downloading urls from : https://dl.acm.org//journal/tog
	https://dl.acm.org/action/doSearch?SeriesKey=tog&sortBy=downloaded:2000
total paper :2000
=============================================================================
Start downloading urls from : https://dl.acm.org//journal/tois
	https://dl.acm.org/action/doSearch?SeriesKey=tois&sortBy=downloaded:906
total paper :906
=============================================================================
Start downloading urls from : https://dl.acm.org//journal/toit
	https://dl.acm.org/action/doSearch?SeriesKey=toit&sortBy=downloaded:604
total paper :604
=============================================================================
Start downloading urls from : https://dl.acm.org//journal/tomacs
	https://dl.acm.org/action/doSearch?SeriesKey=tomacs&sortBy=downloaded:633
total paper :633
=============================================================================
Start downloading urls from : https://dl.acm.org//journal/tomm
	https://dl.acm.org/action/doSearch?SeriesKey=tomm&sortBy=downloaded:990
total paper :990
=============================================================================
Start downloading urls from : https://dl.acm.org//journal/tompecs
	https://dl.acm.org/action/doSearch?SeriesKey=tompecs&sortBy=downloaded:114
total paper :114
=============================================================================
Start downloading urls from : https://dl.acm.org//journal/toms
=============================================================================
Start downloading urls from : https://dl.acm.org//journal/toms
	https://dl.acm.org/action/doSearch?SeriesKey=toms&sortBy=downloaded:1663
total paper :1663
=============================================================================
Start downloading urls from : https://dl.acm.org//journal/ton
	https://dl.acm.org/action/doSearch?SeriesKey=ton&sortBy=downloaded:1947
total paper :1947
=============================================================================
Start downloading urls from : https://dl.acm.org//journal/topc
	https://dl.acm.org/action/doSearch?SeriesKey=topc&sortBy=downloaded:178
total paper :178
=============================================================================
Start downloading urls from : https://dl.acm.org//journal/toplas
	https://dl.acm.org/action/doSearch?SeriesKey=toplas&sortBy=downloaded:1170
total paper :1170
=============================================================================
Start downloading urls from : https://dl.acm.org//journal/tops
	https://dl.acm.org/action/doSearch?SeriesKey=tops&sortBy=downloaded:455
total paper :455
=============================================================================
Start downloading urls from : https://dl.acm.org//journal/tors
	https://dl.acm.org/action/doSearch?SeriesKey=tors&sortBy=downloaded:0
total paper :0
=============================================================================
Start downloading urls from : https://dl.acm.org//journal/tos
	https://dl.acm.org/action/doSearch?SeriesKey=tos&sortBy=downloaded:369
total paper :369
=============================================================================
Start downloading urls from : https://dl.acm.org//journal/tosem
	https://dl.acm.org/action/doSearch?SeriesKey=tosem&sortBy=downloaded:593
total paper :593
=============================================================================
Start downloading urls from : https://dl.acm.org//journal/tosn
	https://dl.acm.org/action/doSearch?SeriesKey=tosn&sortBy=downloaded:663
total paper :663
=============================================================================
Start downloading urls from : https://dl.acm.org//journal/tqc
	https://dl.acm.org/action/doSearch?SeriesKey=tqc&sortBy=downloaded:17
total paper :17
=============================================================================
Start downloading urls from : https://dl.acm.org//journal/trets
	https://dl.acm.org/action/doSearch?SeriesKey=trets&sortBy=downloaded:376
total paper :376
=============================================================================
Start downloading urls from : https://dl.acm.org//journal/tsas
	https://dl.acm.org/action/doSearch?SeriesKey=tsas&sortBy=downloaded:129
total paper :129
=============================================================================
Start downloading urls from : https://dl.acm.org//journal/tsc
	https://dl.acm.org/action/doSearch?SeriesKey=tsc&sortBy=downloaded:68
total paper :68
=============================================================================
Start downloading urls from : https://dl.acm.org//journal/tweb
	https://dl.acm.org/action/doSearch?SeriesKey=tweb&sortBy=downloaded:312
total paper :312
total paper in site:37341
=============================================================================
Start downloading urls from : https://dl.acm.org//browse/proceeding
total paper in site:37341
=============================================================================
Start downloading urls from : https://dl.acm.org//browse/proceeding
total paper in site:37341
=============================================================================
Start downloading urls from : https://dl.acm.org/browse/proceeding
=============================================================================
Start downloading urls from : https://dl.acm.org/browse/proceeding
total paper in site:37341
total paper in site:37341
=============================================================================
Start downloading urls from : /doi/proceedings/10.5555/646588
total paper :0
=============================================================================
Start downloading urls from : /doi/proceedings/10.5555/2030470
total paper :0
=============================================================================
Start downloading urls from : /doi/proceedings/10.5555/2031678
total paper :0
=============================================================================
Start downloading urls from : /doi/proceedings/10.5555/2034396
total paper :0
=============================================================================
Start downloading urls from : /doi/proceedings/10.1145/2775088
total paper :0
=============================================================================
Start downloading urls from : /doi/proceedings/10.1145/3423423
=============================================================================
Start downloading urls from : /doi/proceedings/10.5555/60702
total paper :0
=============================================================================
Start downloading urls from : /doi/proceedings/10.1145/3347450
total paper :0
=============================================================================
Start downloading urls from : /doi/proceedings/10.5555/645967
total paper :0
=============================================================================
Start downloading urls from : /doi/proceedings/10.1145/1324499
total paper :0
=============================================================================
Start downloading urls from : /doi/proceedings/10.5555/1253532
total paper :0
=============================================================================
Start downloading urls from : /doi/proceedings/10.5555/1364385
total paper :0
=============================================================================
Start downloading urls from : /doi/proceedings/10.1145/1551910
=============================================================================
Start downloading urls from : https://dl.acm.org/doi/proceedings/10.5555/646588
total paper in site:37341
=============================================================================
Start downloading urls from : https://dl.acm.org/doi/proceedings/10.5555/646588
total paper in site:37341
=============================================================================
Start downloading urls from : https://dl.acm.org/doi/proceedings/10.5555/646588
total paper in site:37341
=============================================================================
Start downloading urls from : https://dl.acm.org/doi/proceedings/10.5555/646588
total paper in site:37341
=============================================================================
Start downloading urls from : https://dl.acm.org/doi/proceedings/10.5555/646588
total paper :30
=============================================================================
Start downloading urls from : https://dl.acm.org/doi/proceedings/10.5555/2030470
total paper :0
=============================================================================
Start downloading urls from : https://dl.acm.org/doi/proceedings/10.5555/2031678
total paper :0
=============================================================================
Start downloading urls from : https://dl.acm.org/doi/proceedings/10.5555/2034396
total paper :0
=============================================================================
Start downloading urls from : https://dl.acm.org/doi/proceedings/10.1145/2775088
total paper :15
=============================================================================
Start downloading urls from : https://dl.acm.org/doi/proceedings/10.1145/3423423
total paper :23
=============================================================================
Start downloading urls from : https://dl.acm.org/doi/proceedings/10.5555/3266751
total paper :22
=============================================================================
Start downloading urls from : https://dl.acm.org/doi/proceedings/10.5555/3127165
total paper :16
=============================================================================
Start downloading urls from : https://dl.acm.org/doi/proceedings/10.1145/3411408
total paper :0
=============================================================================
Start downloading urls from : https://dl.acm.org/doi/proceedings/10.5555/3092487
total paper :0
=============================================================================
Start downloading urls from : https://dl.acm.org/doi/proceedings/10.5555/3088246
total paper :0
=============================================================================
Start downloading urls from : https://dl.acm.org/doi/proceedings/10.1145/3394231
total paper :30
=============================================================================
Start downloading urls from : https://dl.acm.org/doi/proceedings/10.1145/3394332
total paper :26
=============================================================================
Start downloading urls from : https://dl.acm.org/doi/proceedings/10.1145/3457913
total paper :28
=============================================================================
Start downloading urls from : https://dl.acm.org/doi/proceedings/10.1145/3460881
total paper :14
=============================================================================
Start downloading urls from : https://dl.acm.org/doi/proceedings/10.1145/3468784
total paper :30
=============================================================================
Start downloading urls from : https://dl.acm.org/doi/proceedings/10.1145/3409120
total paper :0
=============================================================================
Start downloading urls from : https://dl.acm.org/doi/proceedings/10.1145/3409251
total paper :0
=============================================================================
Start downloading urls from : https://dl.acm.org/doi/proceedings/10.5555/3127185
total paper :0
=============================================================================
Start downloading urls from : https://dl.acm.org/doi/proceedings/10.1145/3447535
total paper :0
total paper in site:37575
=============================================================================
Start downloading urls from : https://dl.acm.org/doi/proceedings/10.1145/3462741
total paper :0
=============================================================================
Start downloading urls from : https://dl.acm.org/doi/proceedings/10.5555/197779
total paper :22
=============================================================================
Start downloading urls from : https://dl.acm.org/doi/proceedings/10.5555/3088888
total paper :6
=============================================================================
Start downloading urls from : https://dl.acm.org/doi/proceedings/10.1145/3409118
total paper :0
=============================================================================
Start downloading urls from : https://dl.acm.org/doi/proceedings/10.1145/3473682
total paper :0
=============================================================================
Start downloading urls from : https://dl.acm.org/doi/proceedings/10.5555/3266891
total paper :20
=============================================================================
Start downloading urls from : https://dl.acm.org/doi/proceedings/10.1145/3433174
total paper :0
=============================================================================
Start downloading urls from : https://dl.acm.org/doi/proceedings/10.5555/3176574
total paper :0
=============================================================================
Start downloading urls from : https://dl.acm.org/doi/proceedings/10.5555/3266961
total paper :7
=============================================================================
Start downloading urls from : https://dl.acm.org/doi/proceedings/10.1145/3452383
total paper :28
=============================================================================
Start downloading urls from : https://dl.acm.org/doi/proceedings/10.5555/29601
total paper :30
=============================================================================
Start downloading urls from : https://dl.acm.org/doi/proceedings/10.1145/3481549
total paper :24
=============================================================================
Start downloading urls from : https://dl.acm.org/doi/proceedings/10.1145/3453892
total paper :0
=============================================================================
Start downloading urls from : https://dl.acm.org/doi/proceedings/10.5555/647611
total paper :29
=============================================================================
Start downloading urls from : https://dl.acm.org/doi/proceedings/10.1145/3483899
total paper :11
=============================================================================
Start downloading urls from : https://dl.acm.org/doi/proceedings/10.5555/3176526
total paper :30
=============================================================================
Start downloading urls from : https://dl.acm.org/doi/proceedings/10.5555/2718622
total paper :0
=============================================================================
Start downloading urls from : https://dl.acm.org/doi/proceedings/10.5555/2718729
total paper :29
=============================================================================
Start downloading urls from : https://dl.acm.org/doi/proceedings/10.5555/2718693
total paper :30
=============================================================================
Start downloading urls from : https://dl.acm.org/doi/proceedings/10.1145/3442391
total paper :19
=============================================================================
Start downloading urls from : https://dl.acm.org/doi/proceedings/10.5555/1659042
total paper :0
=============================================================================
Start downloading urls from : https://dl.acm.org/doi/proceedings/10.5555/3176444
total paper :0
=============================================================================
Start downloading urls from : https://dl.acm.org/doi/proceedings/10.1145/3465481
total paper :0
=============================================================================
Start downloading urls from : https://dl.acm.org/doi/proceedings/10.5555/3092420
total paper :0
=============================================================================
Start downloading urls from : https://dl.acm.org/doi/proceedings/10.1145/3472538
total paper :0
=============================================================================
Start downloading urls from : https://dl.acm.org/doi/proceedings/10.1145/3481312
total paper :23
=============================================================================
Start downloading urls from : https://dl.acm.org/doi/proceedings/10.1145/3359997
total paper :0
=============================================================================
Start downloading urls from : https://dl.acm.org/doi/proceedings/10.1145/3479986
total paper :13
=============================================================================
Start downloading urls from : https://dl.acm.org/doi/proceedings/10.1145/3469830
total paper :20
=============================================================================
Start downloading urls from : https://dl.acm.org/doi/proceedings/10.5555/3088616
total paper :30
=============================================================================
Start downloading urls from : https://dl.acm.org/doi/proceedings/10.5555/1672180
total paper :0
=============================================================================
Start downloading urls from : https://dl.acm.org/doi/proceedings/10.1145/3475726
total paper :6
=============================================================================
Start downloading urls from : https://dl.acm.org/doi/proceedings/10.5555/3093059
total paper :0
=============================================================================
Start downloading urls from : https://dl.acm.org/doi/proceedings/10.5555/41298
total paper :29
=============================================================================
Start downloading urls from : https://dl.acm.org/doi/proceedings/10.5555/110316
total paper :30
=============================================================================
Start downloading urls from : https://dl.acm.org/doi/proceedings/10.5555/647830
total paper :30
=============================================================================
Start downloading urls from : https://dl.acm.org/doi/proceedings/10.1145/3439961
total paper :0
=============================================================================
Start downloading urls from : https://dl.acm.org/doi/proceedings/10.5555/3088411
total paper :28
=============================================================================
Start downloading urls from : https://dl.acm.org/doi/proceedings/10.1145/3428361
total paper :0
=============================================================================
Start downloading urls from : https://dl.acm.org/doi/proceedings/10.1145/3168836
total paper :11
=============================================================================
Start downloading urls from : https://dl.acm.org/doi/proceedings/10.5555/60702
total paper :24
=============================================================================
Start downloading urls from : https://dl.acm.org/doi/proceedings/10.1145/3347450
total paper :10
=============================================================================
Start downloading urls from : https://dl.acm.org/doi/proceedings/10.5555/645967
total paper :11
=============================================================================
Start downloading urls from : https://dl.acm.org/doi/proceedings/10.1145/1324499
total paper :3
=============================================================================
Start downloading urls from : https://dl.acm.org/doi/proceedings/10.5555/1253532
total paper :28
=============================================================================
Start downloading urls from : https://dl.acm.org/doi/proceedings/10.5555/1364385
total paper :30
=============================================================================
Start downloading urls from : https://dl.acm.org/doi/proceedings/10.1145/1551910
total paper :3
=============================================================================
Start downloading urls from : https://dl.acm.org/doi/proceedings/10.1145/1940976
total paper :26
=============================================================================
Start downloading urls from : https://dl.acm.org/doi/proceedings/10.1145/1629255
total paper :0
=============================================================================
Start downloading urls from : https://dl.acm.org/doi/proceedings/10.1145/1940941
total paper :30
=============================================================================
Start downloading urls from : https://dl.acm.org/doi/proceedings/10.5555/978-1-4244-9149-0
total paper :1
=============================================================================
Start downloading urls from : https://dl.acm.org/doi/proceedings/10.1145/2591971
total paper :0
=============================================================================
Start downloading urls from : https://dl.acm.org/doi/proceedings/10.5555/978-1-4799-2355-7
total paper :30
=============================================================================
Start downloading urls from : https://dl.acm.org/doi/proceedings/10.5555/978-1-4799-4912-0
total paper :1
=============================================================================
Start downloading urls from : https://dl.acm.org/doi/proceedings/10.5555/978-1-4799-7397-2
total paper :1
=============================================================================
Start downloading urls from : https://dl.acm.org/doi/proceedings/10.5555/978-1-4799-1882-9
total paper :1
=============================================================================
Start downloading urls from : https://dl.acm.org/doi/proceedings/10.5555/978-1-4799-3749-3
total paper :1
=============================================================================
Start downloading urls from : https://dl.acm.org/doi/proceedings/10.5555/978-1-4799-6026-2
total paper :6
=============================================================================
Start downloading urls from : https://dl.acm.org/doi/proceedings/10.5555/978-1-4799-6390-4
total paper :1
=============================================================================
Start downloading urls from : https://dl.acm.org/doi/proceedings/10.5555/978-1-4673-7331-9
total paper :30
=============================================================================
Start downloading urls from : https://dl.acm.org/doi/proceedings/10.5555/978-8-9932-1508-3
total paper :30
=============================================================================
Start downloading urls from : https://dl.acm.org/doi/proceedings/10.5555/978-1-4673-6704-2
total paper :30
=============================================================================
Start downloading urls from : https://dl.acm.org/doi/proceedings/10.5555/978-1-4799-8052-9
total paper :3
=============================================================================
Start downloading urls from : https://dl.acm.org/doi/proceedings/10.5555/978-1-5090-1824-6
total paper :30
=============================================================================
Start downloading urls from : https://dl.acm.org/doi/proceedings/10.1145/2814228
total paper :21
=============================================================================
Start downloading urls from : https://dl.acm.org/doi/proceedings/10.5555/978-1-4799-6703-2
total paper :2
=============================================================================
Start downloading urls from : https://dl.acm.org/doi/proceedings/10.5555/978-1-4673-6596-3
total paper :8
=============================================================================
Start downloading urls from : https://dl.acm.org/doi/proceedings/10.5555/978-1-4673-6782-0
total paper :30
=============================================================================
Start downloading urls from : https://dl.acm.org/doi/proceedings/10.5555/978-1-4673-8359-2
total paper :30
=============================================================================
Start downloading urls from : https://dl.acm.org/doi/proceedings/10.5555/978-1-4799-8622-4
total paper :9
=============================================================================
Start downloading urls from : https://dl.acm.org/doi/proceedings/10.5555/978-1-4799-8381-0
total paper :2
=============================================================================
Start downloading urls from : https://dl.acm.org/doi/proceedings/10.5555/978-1-4799-7492-4
total paper :1
=============================================================================
Start downloading urls from : https://dl.acm.org/doi/proceedings/10.5555/978-1-4673-6997-8
total paper :6
=============================================================================
Start downloading urls from : https://dl.acm.org/doi/proceedings/10.5555/978-1-4673-9107-8
total paper :15
=============================================================================
Start downloading urls from : https://dl.acm.org/doi/proceedings/10.5555/978-1-4673-8183-3
total paper :20
=============================================================================
Start downloading urls from : https://dl.acm.org/doi/proceedings/10.5555/978-1-4673-7428-6
total paper :30
=============================================================================
Start downloading urls from : https://dl.acm.org/doi/proceedings/10.5555/978-1-4799-8339-1
total paper :30
=============================================================================
Start downloading urls from : https://dl.acm.org/doi/proceedings/10.5555/978-1-4673-6656-4
total paper :3
=============================================================================
Start downloading urls from : https://dl.acm.org/doi/proceedings/10.5555/978-1-4799-9889-0
total paper :2
=============================================================================
Start downloading urls from : https://dl.acm.org/doi/proceedings/10.5555/978-1-4799-7097-1
total paper :2
=============================================================================
Start downloading urls from : https://dl.acm.org/doi/proceedings/10.5555/978-1-4673-8480-3
total paper :30
=============================================================================
Start downloading urls from : https://dl.acm.org/doi/proceedings/10.5555/978-1-4799-8697-2
total paper :30
=============================================================================
Start downloading urls from : https://dl.acm.org/doi/proceedings/10.5555/978-1-4799-3375-4
total paper :12
=============================================================================
Start downloading urls from : https://dl.acm.org/doi/proceedings/10.5555/978-1-4673-7362-3
total paper :2
=============================================================================
Start downloading urls from : https://dl.acm.org/doi/proceedings/10.5555/978-1-4799-8391-9
total paper :2
=============================================================================
Start downloading urls from : https://dl.acm.org/doi/proceedings/10.5555/978-1-4799-7452-8
total paper :30
=============================================================================
Start downloading urls from : https://dl.acm.org/doi/proceedings/10.5555/978-1-4673-7704-1
total paper :1
=============================================================================
Start downloading urls from : https://dl.acm.org/doi/proceedings/10.5555/978-1-4673-7595-5
total paper :4
=============================================================================
Start downloading urls from : https://dl.acm.org/doi/proceedings/10.5555/978-1-5090-1959-5
total paper :30
=============================================================================
Start downloading urls from : https://dl.acm.org/doi/proceedings/10.5555/978-1-4799-8283-7
total paper :30
=============================================================================
Start downloading urls from : https://dl.acm.org/doi/proceedings/10.5555/978-1-4673-8029-4
total paper :30
=============================================================================
Start downloading urls from : https://dl.acm.org/doi/proceedings/10.5555/978-1-4799-8406-0
total paper :3
=============================================================================
Start downloading urls from : https://dl.acm.org/doi/proceedings/10.5555/978-1-4799-6885-5
total paper :30
=============================================================================
Start downloading urls from : https://dl.acm.org/doi/proceedings/10.5555/978-1-4673-8388-2
total paper :30
=============================================================================
Start downloading urls from : https://dl.acm.org/doi/proceedings/10.5555/978-1-4799-8241-7
total paper :1
=============================================================================
Start downloading urls from : https://dl.acm.org/doi/proceedings/10.5555/978-1-4673-8217-5
total paper :30
=============================================================================
Start downloading urls from : https://dl.acm.org/doi/proceedings/10.5555/978-1-4673-8727-9
total paper :30
=============================================================================
Start downloading urls from : https://dl.acm.org/doi/proceedings/10.5555/978-1-5090-1732-4
total paper :30
=============================================================================
Start downloading urls from : https://dl.acm.org/doi/proceedings/10.5555/978-1-4673-9292-1
total paper :30
=============================================================================
Start downloading urls from : https://dl.acm.org/doi/proceedings/10.5555/978-1-4673-9569-4
total paper :30
=============================================================================
Start downloading urls from : https://dl.acm.org/doi/proceedings/10.5555/978-1-5090-3929-6
total paper :30
=============================================================================
Start downloading urls from : https://dl.acm.org/doi/proceedings/10.5555/978-1-4673-8729-3
total paper :173
=============================================================================
Start downloading urls from : https://dl.acm.org/doi/proceedings/10.5555/978-1-5090-3287-7
total paper :30
=============================================================================
Start downloading urls from : https://dl.acm.org/doi/proceedings/10.5555/978-1-5090-0249-8
total paper :30
=============================================================================
Start downloading urls from : https://dl.acm.org/doi/proceedings/10.5555/978-1-5090-3207-5
total paper :30
=============================================================================
Start downloading urls from : https://dl.acm.org/doi/proceedings/10.5555/978-1-5090-1889-5
total paper :30
=============================================================================
Start downloading urls from : https://dl.acm.org/doi/proceedings/10.5555/978-1-5090-1314-2
total paper :30
=============================================================================
Start downloading urls from : https://dl.acm.org/doi/proceedings/10.5555/978-1-5090-3254-9
total paper :30
=============================================================================
Start downloading urls from : https://dl.acm.org/doi/proceedings/10.5555/978-1-5090-1837-6
total paper :30
=============================================================================
Start downloading urls from : https://dl.acm.org/doi/proceedings/10.5555/978-1-4673-9733-9
total paper :30
=============================================================================
Start downloading urls from : https://dl.acm.org/doi/proceedings/10.5555/978-1-5090-1354-8
total paper :30
=============================================================================
Start downloading urls from : https://dl.acm.org/doi/proceedings/10.5555/978-1-5090-1210-7
total paper :30
=============================================================================
Start downloading urls from : https://dl.acm.org/doi/proceedings/10.5555/978-1-4673-9472-7
total paper :30
=============================================================================
Start downloading urls from : https://dl.acm.org/doi/proceedings/10.5555/978-1-5090-3865-7
total paper :30
=============================================================================
Start downloading urls from : https://dl.acm.org/doi/proceedings/10.5555/978-1-5090-0623-6
total paper :30
=============================================================================
Start downloading urls from : https://dl.acm.org/doi/proceedings/10.5555/978-1-5090-1790-4
total paper :30
=============================================================================
Start downloading urls from : https://dl.acm.org/doi/proceedings/10.5555/978-1-5090-1090-5
total paper :30
=============================================================================
Start downloading urls from : https://dl.acm.org/doi/proceedings/10.5555/978-1-5090-1821-5
total paper :30
=============================================================================
Start downloading urls from : https://dl.acm.org/doi/proceedings/10.5555/978-1-4799-9988-0
total paper :30
=============================================================================
Start downloading urls from : https://dl.acm.org/doi/proceedings/10.5555/978-1-5090-2065-2
total paper :30
=============================================================================
Start downloading urls from : https://dl.acm.org/doi/proceedings/10.5555/978-1-5090-2409-4
total paper :30
=============================================================================
Start downloading urls from : https://dl.acm.org/doi/proceedings/10.5555/978-1-5090-0626-7
total paper :30
=============================================================================
Start downloading urls from : https://dl.acm.org/doi/proceedings/10.5555/978-1-5090-1817-8
total paper :30
=============================================================================
Start downloading urls from : https://dl.acm.org/doi/proceedings/10.5555/978-1-5090-2396-7
total paper :30
=============================================================================
Start downloading urls from : https://dl.acm.org/doi/proceedings/10.5555/978-1-4673-8026-3
total paper :30
=============================================================================
Start downloading urls from : https://dl.acm.org/doi/proceedings/10.5555/978-1-5090-2927-3
total paper :30
=============================================================================
Start downloading urls from : https://dl.acm.org/doi/proceedings/10.5555/978-1-5090-2933-4
total paper :19
=============================================================================
Start downloading urls from : https://dl.acm.org/doi/proceedings/10.5555/978-1-5090-1761-4
total paper :30
=============================================================================
Start downloading urls from : https://dl.acm.org/doi/proceedings/10.5555/978-1-5090-2412-4
total paper :13
=============================================================================
Start downloading urls from : https://dl.acm.org/doi/proceedings/10.5555/978-1-4799-5341-7
total paper :30
=============================================================================
Start downloading urls from : https://dl.acm.org/doi/proceedings/10.5555/978-1-5090-1806-2
total paper :30
=============================================================================
Start downloading urls from : https://dl.acm.org/doi/proceedings/10.5555/978-1-4673-9172-6
total paper :30
=============================================================================
Start downloading urls from : https://dl.acm.org/doi/proceedings/10.5555/978-1-4673-9615-8
total paper :20
=============================================================================
Start downloading urls from : https://dl.acm.org/doi/proceedings/10.5555/978-1-5090-4349-1
total paper :30
=============================================================================
Start downloading urls from : https://dl.acm.org/doi/proceedings/10.5555/978-1-5090-2498-8
total paper :21
=============================================================================
Start downloading urls from : https://dl.acm.org/doi/proceedings/10.5555/978-1-4799-7250-0
total paper :30
=============================================================================
Start downloading urls from : https://dl.acm.org/doi/proceedings/10.5555/978-1-4673-9814-5
total paper :30
=============================================================================
Start downloading urls from : https://dl.acm.org/doi/proceedings/10.5555/978-1-5090-4079-7
total paper :30
=============================================================================
Start downloading urls from : https://dl.acm.org/doi/proceedings/10.5555/978-1-5090-4718-5
total paper :30
=============================================================================
Start downloading urls from : https://dl.acm.org/doi/proceedings/10.5555/978-1-5090-3762-9
total paper :30
=============================================================================
Start downloading urls from : https://dl.acm.org/doi/proceedings/10.5555/978-80-261-0602-9
total paper :30
=============================================================================
Start downloading urls from : https://dl.acm.org/doi/proceedings/10.5555/978-1-4673-8197-0
total paper :30
=============================================================================
Start downloading urls from : https://dl.acm.org/doi/proceedings/10.5555/978-1-5090-2538-1
total paper :30
=============================================================================
Start downloading urls from : https://dl.acm.org/doi/proceedings/10.5555/978-1-5386-6793-4
total paper :30
=============================================================================
Start downloading urls from : https://dl.acm.org/doi/proceedings/10.5555/978-1-7281-4069-8
total paper :30
=============================================================================
Start downloading urls from : https://dl.acm.org/doi/proceedings/10.5555/978-89-93215-17-5
total paper :30
=============================================================================
Start downloading urls from : https://dl.acm.org/doi/proceedings/10.5555/978-1-7281-3398-0
total paper :30
=============================================================================
Start downloading urls from : https://dl.acm.org/doi/proceedings/10.5555/978-1-7281-0303-7
total paper :30
=============================================================================
Start downloading urls from : https://dl.acm.org/doi/proceedings/10.5555/978-1-7281-2622-7
total paper :30
=============================================================================
Start downloading urls from : https://dl.acm.org/doi/proceedings/10.5555/978-1-7281-3151-1
total paper :30
=============================================================================
Start downloading urls from : https://dl.acm.org/doi/proceedings/10.5555/978-1-5386-8110-7
total paper :30
=============================================================================
Start downloading urls from : https://dl.acm.org/doi/proceedings/10.5555/978-1-7281-2832-0
total paper :6
=============================================================================
Start downloading urls from : https://dl.acm.org/doi/proceedings/10.5555/978-1-7281-1746-1
total paper :30
=============================================================================
Start downloading urls from : https://dl.acm.org/doi/proceedings/10.5555/978-1-7281-0962-6
total paper :30
=============================================================================
Start downloading urls from : https://dl.acm.org/doi/proceedings/10.5555/978-1-5386-6900-6
total paper :30
=============================================================================
Start downloading urls from : https://dl.acm.org/doi/proceedings/10.5555/978-1-5386-7024-8
total paper :30
=============================================================================
Start downloading urls from : https://dl.acm.org/doi/proceedings/10.5555/978-1-7281-3473-4
total paper :30
=============================================================================
Start downloading urls from : https://dl.acm.org/doi/proceedings/10.5555/978-1-7281-3715-5
total paper :30
=============================================================================
Start downloading urls from : https://dl.acm.org/doi/proceedings/10.5555/978-1-7281-3176-4
total paper :30
=============================================================================
Start downloading urls from : https://dl.acm.org/doi/proceedings/10.5555/978-1-5386-1728-1
total paper :30
=============================================================================
Start downloading urls from : https://dl.acm.org/doi/proceedings/10.5555/978-1-7281-3868-8
total paper :30
=============================================================================
Start downloading urls from : https://dl.acm.org/doi/proceedings/10.5555/978-1-7281-6321-5
total paper :30
=============================================================================
Start downloading urls from : https://dl.acm.org/doi/proceedings/10.5555/978-1-7281-2853-5
total paper :30
=============================================================================
Start downloading urls from : https://dl.acm.org/doi/proceedings/10.5555/978-1-7281-4569-3
total paper :30
=============================================================================
Start downloading urls from : https://dl.acm.org/doi/proceedings/10.5555/978-1-7281-2376-9
total paper :30
=============================================================================
Start downloading urls from : https://dl.acm.org/doi/proceedings/10.5555/978-1-7281-2355-4
total paper :19
=============================================================================
Start downloading urls from : https://dl.acm.org/doi/proceedings/10.5555/978-1-5386-7607-3
total paper :13
=============================================================================
Start downloading urls from : https://dl.acm.org/doi/proceedings/10.5555/978-1-5386-7646-2
total paper :30
=============================================================================
Start downloading urls from : https://dl.acm.org/doi/proceedings/10.5555/978-1-5386-7630-1
total paper :30
=============================================================================
Start downloading urls from : https://dl.acm.org/doi/proceedings/10.5555/978-1-7281-2493-3
total paper :30
=============================================================================
Start downloading urls from : https://dl.acm.org/doi/proceedings/10.5555/978-8-0261-0812-2
total paper :30
=============================================================================
Start downloading urls from : https://dl.acm.org/doi/proceedings/10.1145/3340555
total paper :0
=============================================================================
Start downloading urls from : https://dl.acm.org/doi/proceedings/10.1145/3436756
total paper :0
=============================================================================
Start downloading urls from : https://dl.acm.org/doi/proceedings/10.5555/978-1-7281-5611-8
total paper :30
=============================================================================
Start downloading urls from : https://dl.acm.org/doi/proceedings/10.5555/978-1-7281-6630-8
total paper :30
=============================================================================
Start downloading urls from : https://dl.acm.org/doi/proceedings/10.5555/978-1-7281-4123-7
total paper :30
=============================================================================
Start downloading urls from : https://dl.acm.org/doi/proceedings/10.1145/3448326
total paper :13
=============================================================================
Start downloading urls from : https://dl.acm.org/doi/proceedings/10.1145/3440054
total paper :11
=============================================================================
Start downloading urls from : https://dl.acm.org/doi/proceedings/10.1145/3446922
total paper :13
=============================================================================
Start downloading urls from : https://dl.acm.org/doi/proceedings/10.1145/3421558
total paper :29
=============================================================================
Start downloading urls from : https://dl.acm.org/doi/proceedings/10.1145/3450292
total paper :21
=============================================================================
Start downloading urls from : https://dl.acm.org/doi/proceedings/10.1145/3442705
total paper :16
=============================================================================
Start downloading urls from : https://dl.acm.org/doi/proceedings/10.1145/3447490
total paper :15
=============================================================================
Start downloading urls from : https://dl.acm.org/doi/proceedings/10.1145/3421515
total paper :21
=============================================================================
Start downloading urls from : https://dl.acm.org/doi/proceedings/10.1145/3442536
total paper :17
=============================================================================
Start downloading urls from : https://dl.acm.org/doi/proceedings/10.1145/3446132
total paper :30
=============================================================================
Start downloading urls from : https://dl.acm.org/doi/proceedings/10.1145/3441369
total paper :13
=============================================================================
Start downloading urls from : https://dl.acm.org/doi/proceedings/10.1145/3446590
total paper :25
=============================================================================
Start downloading urls from : https://dl.acm.org/doi/proceedings/10.1145/3441233
total paper :16
=============================================================================
Start downloading urls from : https://dl.acm.org/doi/proceedings/10.1145/3441250
total paper :0
=============================================================================
Start downloading urls from : https://dl.acm.org/doi/proceedings/10.1145/3439133
total paper :13
=============================================================================
Start downloading urls from : https://dl.acm.org/doi/proceedings/10.1145/3449258
total paper :14
=============================================================================
Start downloading urls from : https://dl.acm.org/doi/proceedings/10.1145/3445815
total paper :0
=============================================================================
Start downloading urls from : https://dl.acm.org/doi/proceedings/10.1145/3436349
total paper :7
=============================================================================
Start downloading urls from : https://dl.acm.org/doi/proceedings/10.1145/3449301
total paper :0
=============================================================================
Start downloading urls from : https://dl.acm.org/doi/proceedings/10.1145/3440067
total paper :12
=============================================================================
Start downloading urls from : https://dl.acm.org/doi/proceedings/10.1145/3444884
total paper :0
=============================================================================
Start downloading urls from : https://dl.acm.org/doi/proceedings/10.1145/3431943
total paper :22
=============================================================================
Start downloading urls from : https://dl.acm.org/doi/proceedings/10.5555/978-1-7281-3690-5
total paper :30
=============================================================================
Start downloading urls from : https://dl.acm.org/doi/proceedings/10.5555/978-1-7281-8050-2
total paper :30
=============================================================================
Start downloading urls from : https://dl.acm.org/doi/proceedings/10.5555/978-1-7281-3893-0
total paper :30
=============================================================================
Start downloading urls from : https://dl.acm.org/doi/proceedings/10.5555/978-1-7281-3199-3
total paper :30
=============================================================================
Start downloading urls from : https://dl.acm.org/doi/proceedings/10.5555/978-1-7281-5386-5
total paper :30
=============================================================================
Start downloading urls from : https://dl.acm.org/doi/proceedings/10.5555/978-1-7281-3106-1
total paper :30
=============================================================================
Start downloading urls from : https://dl.acm.org/doi/proceedings/10.5555/978-1-4503-7591-7
total paper :13
=============================================================================
Start downloading urls from : https://dl.acm.org/doi/proceedings/10.5555/978-1-7281-6794-7
total paper :30
=============================================================================
Start downloading urls from : https://dl.acm.org/doi/proceedings/10.1145/3437802
total paper :30
=============================================================================
Start downloading urls from : https://dl.acm.org/doi/proceedings/10.1145/3442520
total paper :15
=============================================================================
Start downloading urls from : https://dl.acm.org/doi/proceedings/10.1145/3414752
total paper :0
=============================================================================
Start downloading urls from : https://dl.acm.org/doi/proceedings/10.1145/3446983
total paper :13
=============================================================================
Start downloading urls from : https://dl.acm.org/doi/proceedings/10.1145/3440840
total paper :21
=============================================================================
Start downloading urls from : https://dl.acm.org/doi/proceedings/10.1145/3418688
total paper :14
=============================================================================
Start downloading urls from : https://dl.acm.org/doi/proceedings/10.1145/3425577
total paper :20
=============================================================================
Start downloading urls from : https://dl.acm.org/doi/proceedings/10.1145/3426826
total paper :25
=============================================================================
Start downloading urls from : https://dl.acm.org/doi/proceedings/10.1145/3441417
total paper :16
=============================================================================
Start downloading urls from : https://dl.acm.org/doi/proceedings/10.1145/3445945
total paper :19
=============================================================================
Start downloading urls from : https://dl.acm.org/doi/proceedings/10.1145/3418653
total paper :26
=============================================================================
Start downloading urls from : https://dl.acm.org/doi/proceedings/10.1145/3429630
total paper :19
=============================================================================
Start downloading urls from : https://dl.acm.org/doi/proceedings/10.1145/3436209
total paper :24
=============================================================================
Start downloading urls from : https://dl.acm.org/doi/proceedings/10.1145/3409929
total paper :23
=============================================================================
Start downloading urls from : https://dl.acm.org/doi/proceedings/10.1145/3421682
total paper :26
=============================================================================
Start downloading urls from : https://dl.acm.org/doi/proceedings/10.1145/3439147
total paper :0
=============================================================================
Start downloading urls from : https://dl.acm.org/doi/proceedings/10.1145/3416797
total paper :0
=============================================================================
Start downloading urls from : https://dl.acm.org/doi/proceedings/10.1145/3446569
total paper :19
=============================================================================
Start downloading urls from : https://dl.acm.org/doi/proceedings/10.1145/3447450
total paper :0
=============================================================================
Start downloading urls from : https://dl.acm.org/doi/proceedings/10.1145/3442555
total paper :0
=============================================================================
Start downloading urls from : https://dl.acm.org/doi/proceedings/10.1145/3429551
total paper :0
=============================================================================
Start downloading urls from : https://dl.acm.org/doi/proceedings/10.1145/3446999
total paper :0
=============================================================================
Start downloading urls from : https://dl.acm.org/doi/proceedings/10.1145/3447654
total paper :22
=============================================================================
Start downloading urls from : https://dl.acm.org/doi/proceedings/10.1145/3457784
total paper :0
=============================================================================
Start downloading urls from : https://dl.acm.org/doi/proceedings/10.1145/3460238
total paper :30
=============================================================================
Start downloading urls from : https://dl.acm.org/doi/proceedings/10.1145/3448340
total paper :12
=============================================================================
Start downloading urls from : https://dl.acm.org/doi/proceedings/10.1145/3450148
total paper :0
=============================================================================
Start downloading urls from : https://dl.acm.org/doi/proceedings/10.1145/3457682
total paper :0
=============================================================================
Start downloading urls from : https://dl.acm.org/doi/proceedings/10.1145/3456126
total paper :19
=============================================================================
Start downloading urls from : https://dl.acm.org/doi/proceedings/10.1145/3452446
total paper :30
=============================================================================
Start downloading urls from : https://dl.acm.org/doi/proceedings/10.1145/3469213
total paper :30
=============================================================================
Start downloading urls from : https://dl.acm.org/doi/proceedings/10.1145/3460268
total paper :15
=============================================================================
Start downloading urls from : https://dl.acm.org/doi/proceedings/10.1145/3456887
total paper :30
=============================================================================
Start downloading urls from : https://dl.acm.org/doi/proceedings/10.1145/3468691
total paper :30
=============================================================================
Start downloading urls from : https://dl.acm.org/doi/proceedings/10.1145/3483845
total paper :0
=============================================================================
Start downloading urls from : https://dl.acm.org/doi/proceedings/10.1145/3459043
total paper :21
=============================================================================
Start downloading urls from : https://dl.acm.org/doi/proceedings/10.1145/3471988
total paper :0
=============================================================================
Start downloading urls from : https://dl.acm.org/doi/proceedings/10.1145/3449365
total paper :22
=============================================================================
Start downloading urls from : https://dl.acm.org/doi/proceedings/10.1145/3475992
total paper :11
=============================================================================
Start downloading urls from : https://dl.acm.org/doi/proceedings/10.1145/3468920
total paper :24
=============================================================================
Start downloading urls from : https://dl.acm.org/doi/proceedings/10.1145/3469951
total paper :15
=============================================================================
Start downloading urls from : https://dl.acm.org/doi/proceedings/10.1145/3459212
total paper :20
=============================================================================
Start downloading urls from : https://dl.acm.org/doi/proceedings/10.1145/3473465
total paper :21
=============================================================================
Start downloading urls from : https://dl.acm.org/doi/proceedings/10.1145/3468945
total paper :27
=============================================================================
Start downloading urls from : https://dl.acm.org/doi/proceedings/10.1145/3460824
total paper :0
=============================================================================
Start downloading urls from : https://dl.acm.org/doi/proceedings/10.1145/3468978
total paper :0
=============================================================================
Start downloading urls from : https://dl.acm.org/doi/proceedings/10.1145/3480651
total paper :19
=============================================================================
Start downloading urls from : https://dl.acm.org/doi/proceedings/10.1145/3475971
total paper :12
=============================================================================
Start downloading urls from : https://dl.acm.org/doi/proceedings/10.1145/3481113
total paper :13
=============================================================================
Start downloading urls from : https://dl.acm.org/doi/proceedings/10.1145/3451400
total paper :20
=============================================================================
Start downloading urls from : https://dl.acm.org/doi/proceedings/10.1145/3484274
total paper :0
=============================================================================
Start downloading urls from : https://dl.acm.org/doi/proceedings/10.1145/3478905
total paper :30
=============================================================================
Start downloading urls from : https://dl.acm.org/doi/proceedings/10.1145/3456146
total paper :25
=============================================================================
Start downloading urls from : https://dl.acm.org/doi/proceedings/10.1145/3465222
total paper :13
=============================================================================
Start downloading urls from : https://dl.acm.org/doi/proceedings/10.1145/3482632
total paper :30
=============================================================================
Start downloading urls from : https://dl.acm.org/doi/proceedings/10.1145/3475827
total paper :14
=============================================================================
Start downloading urls from : https://dl.acm.org/doi/proceedings/10.1145/3467691
total paper :14
=============================================================================
Start downloading urls from : https://dl.acm.org/doi/proceedings/10.1145/3483207
total paper :29
=============================================================================
Start downloading urls from : https://dl.acm.org/doi/proceedings/10.1145/3480433
total paper :21
=============================================================================
Start downloading urls from : https://dl.acm.org/doi/proceedings/10.1145/3483794
total paper :24
=============================================================================
Start downloading urls from : https://dl.acm.org/doi/proceedings/10.1145/3481646
total paper :19
=============================================================================
Start downloading urls from : https://dl.acm.org/doi/proceedings/10.1145/3480001
total paper :21
=============================================================================
Start downloading urls from : https://dl.acm.org/doi/proceedings/10.1145/3458380
total paper :0
=============================================================================
Start downloading urls from : https://dl.acm.org/doi/proceedings/10.1145/3474880
total paper :25
=============================================================================
Start downloading urls from : https://dl.acm.org/doi/proceedings/10.1145/3481056
total paper :0
=============================================================================
Start downloading urls from : https://dl.acm.org/doi/proceedings/10.1145/3471274
total paper :12
=============================================================================
Start downloading urls from : https://dl.acm.org/doi/proceedings/10.1145/3461598
total paper :14
=============================================================================
Start downloading urls from : https://dl.acm.org/doi/proceedings/10.1145/3472813
total paper :0
=============================================================================
Start downloading urls from : https://dl.acm.org/doi/proceedings/10.1145/3469968
total paper :0
=============================================================================
Start downloading urls from : https://dl.acm.org/doi/proceedings/10.1145/3484424
total paper :14
=============================================================================
Start downloading urls from : https://dl.acm.org/doi/proceedings/10.1145/3480571
total paper :30
=============================================================================
Start downloading urls from : https://dl.acm.org/doi/proceedings/10.1145/3460179
total paper :16
=============================================================================
Start downloading urls from : https://dl.acm.org/doi/proceedings/10.1145/3468891
total paper :27
=============================================================================
Start downloading urls from : https://dl.acm.org/doi/proceedings/10.1145/3460569
total paper :21
=============================================================================
Start downloading urls from : https://dl.acm.org/doi/proceedings/10.1145/3449388
total paper :15
=============================================================================
Start downloading urls from : https://dl.acm.org/doi/proceedings/10.1145/3471261
total paper :11
=============================================================================
Start downloading urls from : https://dl.acm.org/doi/proceedings/10.1145/3477911
total paper :16
=============================================================================
Start downloading urls from : https://dl.acm.org/doi/proceedings/10.1145/3467707
total paper :0
=============================================================================
Start downloading urls from : https://dl.acm.org/doi/proceedings/10.1145/3456172
total paper :17
=============================================================================
Start downloading urls from : https://dl.acm.org/doi/proceedings/10.1145/3457640
total paper :0
=============================================================================
Start downloading urls from : https://dl.acm.org/doi/proceedings/10.1145/3463531
total paper :25
=============================================================================
Start downloading urls from : https://dl.acm.org/doi/proceedings/10.1145/3477543
total paper :8
=============================================================================
Start downloading urls from : https://dl.acm.org/doi/proceedings/10.1145/3461717
total paper :8
=============================================================================
Start downloading urls from : https://dl.acm.org/doi/proceedings/10.1145/3456415
total paper :0
=============================================================================
Start downloading urls from : https://dl.acm.org/doi/proceedings/10.1145/3479162
total paper :0
=============================================================================
Start downloading urls from : https://dl.acm.org/doi/proceedings/10.1145/3431920
total paper :0
=============================================================================
Start downloading urls from : https://dl.acm.org/doi/proceedings/10.1145/3437378
total paper :27
=============================================================================
Start downloading urls from : https://dl.acm.org/doi/proceedings/10.1145/3478472
total paper :9
=============================================================================
Start downloading urls from : https://dl.acm.org/doi/proceedings/10.1145/3459066
total paper :12
=============================================================================
Start downloading urls from : https://dl.acm.org/doi/proceedings/10.1145/3462648
total paper :17
=============================================================================
Start downloading urls from : https://dl.acm.org/doi/proceedings/10.1145/3459104
total paper :0
=============================================================================
Start downloading urls from : https://dl.acm.org/doi/proceedings/10.1145/3460421
total paper :0
=============================================================================
Start downloading urls from : https://dl.acm.org/doi/proceedings/10.1145/3458359
total paper :17
=============================================================================
Start downloading urls from : https://dl.acm.org/doi/proceedings/10.1145/3484399
total paper :22
=============================================================================
Start downloading urls from : https://dl.acm.org/doi/proceedings/10.1145/3474963
total paper :0
=============================================================================
Start downloading urls from : https://dl.acm.org/doi/proceedings/10.1145/3447432
total paper :18
=============================================================================
Start downloading urls from : https://dl.acm.org/doi/proceedings/10.1145/3474944
